nvcc -Wno-deprecated-gpu-targets -gencode=arch=compute_70,code=sm_70 -O3 -Xcompiler --openmp,-Wall -c -o lennard-jones.o src/lennard-jones.cu
nvcc -Wno-deprecated-gpu-targets -gencode=arch=compute_70,code=sm_70 -O3 -Xcompiler --openmp,-Wall -c -o gifenc.o src/gifenc.c
nvcc -Wno-deprecated-gpu-targets -gencode=arch=compute_70,code=sm_70 -O3 -Xcompiler --openmp,-Wall -c -o main.o src/main.c
nvcc -Wno-deprecated-gpu-targets -gencode=arch=compute_70,code=sm_70 -O3 -Xcompiler --openmp,-Wall lennard-jones.o gifenc.o main.o -o lj.out -lm
--- Auto-tuning CUDA block size ---
  block   32 : 0.0227 ms/call
  block   64 : 0.0212 ms/call
  block  128 : 0.0202 ms/call
  block  256 : 0.0201 ms/call
  block  512 : 0.0201 ms/call
  block 1024 : 0.0201 ms/call
>>> Best block size: 512  (0.0201 ms/call)

step=     0  KE=   50.083327  PE= -201.684979  E= -151.601652
step=     1  KE=   50.126729  PE= -201.728449  E= -151.601720
step=     2  KE=   50.130090  PE= -201.731900  E= -151.601809
step=     3  KE=   50.093216  PE= -201.695011  E= -151.601795
step=     4  KE=   50.016204  PE= -201.617933  E= -151.601729
step=     5  KE=   49.899871  PE= -201.501530  E= -151.601658
step=     6  KE=   49.745518  PE= -201.347073  E= -151.601556
step=     7  KE=   49.554529  PE= -201.155977  E= -151.601448
step=     8  KE=   49.328702  PE= -200.930052  E= -151.601350
step=     9  KE=   49.070488  PE= -200.671732  E= -151.601244
step=    10  KE=   48.782396  PE= -200.383456  E= -151.601059
step=    11  KE=   48.467349  PE= -200.068158  E= -151.600809
step=    12  KE=   48.128634  PE= -199.729228  E= -151.600594
step=    13  KE=   47.769821  PE= -199.370175  E= -151.600353
step=    14  KE=   47.394866  PE= -198.994989  E= -151.600123
step=    15  KE=   47.007807  PE= -198.607608  E= -151.599801
step=    16  KE=   46.612761  PE= -198.212348  E= -151.599587
step=    17  KE=   46.213989  PE= -197.813374  E= -151.599386
step=    18  KE=   45.815637  PE= -197.414815  E= -151.599178
step=    19  KE=   45.421749  PE= -197.020678  E= -151.598928
step=    20  KE=   45.036068  PE= -196.634777  E= -151.598709
step=    21  KE=   44.661949  PE= -196.260462  E= -151.598512
step=    22  KE=   44.302716  PE= -195.901086  E= -151.598369
step=    23  KE=   43.961336  PE= -195.559557  E= -151.598221
step=    24  KE=   43.640121  PE= -195.238240  E= -151.598119
step=    25  KE=   43.340956  PE= -194.938936  E= -151.597979
step=    26  KE=   43.065191  PE= -194.663124  E= -151.597933
step=    27  KE=   42.813649  PE= -194.411572  E= -151.597922
step=    28  KE=   42.586843  PE= -194.184732  E= -151.597889
step=    29  KE=   42.384877  PE= -193.982836  E= -151.597960
step=    30  KE=   42.207384  PE= -193.805352  E= -151.597968
step=    31  KE=   42.053311  PE= -193.651359  E= -151.598048
step=    32  KE=   41.921329  PE= -193.519459  E= -151.598130
step=    33  KE=   41.810051  PE= -193.408311  E= -151.598259
step=    34  KE=   41.717752  PE= -193.316134  E= -151.598382
step=    35  KE=   41.642626  PE= -193.241095  E= -151.598469
step=    36  KE=   41.582651  PE= -193.181257  E= -151.598605
step=    37  KE=   41.535569  PE= -193.134313  E= -151.598744
step=    38  KE=   41.499320  PE= -193.098189  E= -151.598868
step=    39  KE=   41.471746  PE= -193.070750  E= -151.599004
step=    40  KE=   41.450672  PE= -193.049808  E= -151.599136
step=    41  KE=   41.434061  PE= -193.033307  E= -151.599246
step=    42  KE=   41.420112  PE= -193.019624  E= -151.599513
step=    43  KE=   41.407044  PE= -193.006655  E= -151.599610
step=    44  KE=   41.393056  PE= -192.992754  E= -151.599698
step=    45  KE=   41.376708  PE= -192.976519  E= -151.599811
step=    46  KE=   41.356732  PE= -192.956595  E= -151.599863
step=    47  KE=   41.332012  PE= -192.931925  E= -151.599913
step=    48  KE=   41.301729  PE= -192.901701  E= -151.599972
step=    49  KE=   41.265326  PE= -192.865369  E= -151.600043
step=    50  KE=   41.222327  PE= -192.822382  E= -151.600055
step=    51  KE=   41.172389  PE= -192.772446  E= -151.600057
step=    52  KE=   41.115493  PE= -192.715560  E= -151.600067
step=    53  KE=   41.051838  PE= -192.651939  E= -151.600101
step=    54  KE=   40.981767  PE= -192.581822  E= -151.600055
step=    55  KE=   40.905729  PE= -192.505771  E= -151.600042
step=    56  KE=   40.824308  PE= -192.424317  E= -151.600009
step=    57  KE=   40.738220  PE= -192.338169  E= -151.599948
step=    58  KE=   40.648262  PE= -192.248167  E= -151.599905
step=    59  KE=   40.555411  PE= -192.155312  E= -151.599901
step=    60  KE=   40.460633  PE= -192.060401  E= -151.599769
step=    61  KE=   40.364723  PE= -191.964426  E= -151.599703
step=    62  KE=   40.268497  PE= -191.868143  E= -151.599646
step=    63  KE=   40.172842  PE= -191.772433  E= -151.599591
step=    64  KE=   40.078646  PE= -191.678186  E= -151.599540
step=    65  KE=   39.986849  PE= -191.586310  E= -151.599462
step=    66  KE=   39.898209  PE= -191.497632  E= -151.599423
step=    67  KE=   39.813333  PE= -191.412752  E= -151.599419
step=    68  KE=   39.732913  PE= -191.332294  E= -151.599382
step=    69  KE=   39.657399  PE= -191.256808  E= -151.599410
step=    70  KE=   39.587102  PE= -191.186505  E= -151.599403
step=    71  KE=   39.522357  PE= -191.121747  E= -151.599390
step=    72  KE=   39.463310  PE= -191.062654  E= -151.599344
step=    73  KE=   39.410013  PE= -191.009340  E= -151.599326
step=    74  KE=   39.362569  PE= -190.961895  E= -151.599326
step=    75  KE=   39.321155  PE= -190.920410  E= -151.599256
step=    76  KE=   39.285958  PE= -190.885191  E= -151.599233
step=    77  KE=   39.257237  PE= -190.856433  E= -151.599196
step=    78  KE=   39.235390  PE= -190.834546  E= -151.599156
step=    79  KE=   39.220999  PE= -190.820184  E= -151.599186
step=    80  KE=   39.214716  PE= -190.813840  E= -151.599124
step=    81  KE=   39.217217  PE= -190.816289  E= -151.599073
step=    82  KE=   39.229383  PE= -190.828380  E= -151.598997
step=    83  KE=   39.252163  PE= -190.851095  E= -151.598933
step=    84  KE=   39.286593  PE= -190.885389  E= -151.598796
step=    85  KE=   39.333748  PE= -190.932504  E= -151.598756
step=    86  KE=   39.394468  PE= -190.993151  E= -151.598683
step=    87  KE=   39.469553  PE= -191.068159  E= -151.598606
step=    88  KE=   39.559897  PE= -191.158379  E= -151.598482
step=    89  KE=   39.666145  PE= -191.264586  E= -151.598441
step=    90  KE=   39.788736  PE= -191.387160  E= -151.598424
step=    91  KE=   39.927985  PE= -191.526391  E= -151.598406
step=    92  KE=   40.083982  PE= -191.682376  E= -151.598395
step=    93  KE=   40.256659  PE= -191.855055  E= -151.598396
step=    94  KE=   40.445703  PE= -192.044116  E= -151.598413
step=    95  KE=   40.650535  PE= -192.248979  E= -151.598445
step=    96  KE=   40.870449  PE= -192.468933  E= -151.598483
step=    97  KE=   41.104495  PE= -192.703037  E= -151.598542
step=    98  KE=   41.351557  PE= -192.950168  E= -151.598610
step=    99  KE=   41.610332  PE= -193.209025  E= -151.598693

Finished simulation.
Final KE:    41.6103 | delta: -8.3897
Final PE:  -193.2090 | delta: +8.3926
Final E:   -151.5987 | delta: +0.0029
Simulation time 100 steps: 0.165 seconds
